2019-08-02 15:06:14 下午 [Thread: main][ Class:org.springframework.test.context.support.DependencyInjectionTestExecutionListener >> Method: org.springframework.test.context.support.DependencyInjectionTestExecutionListener.prepareTestInstance(DependencyInjectionTestExecutionListener.java:73) ]
DEBUG:Performing dependency injection for test context [[TestContext@61f8bee4 testClass = RecommendDatalistPostTest, locations = array<String>['classpath:/context/applicationContext.xml'], testInstance = test.trade.itemDetails.RecommendDatalistPostTest@2f686d1f, testMethod = [null], testException = [null]]].
2019-08-02 15:06:14 下午 [Thread: main][ Class:org.springframework.test.context.support.AbstractGenericContextLoader >> Method: org.springframework.test.context.support.AbstractGenericContextLoader.loadContext(AbstractGenericContextLoader.java:75) ]
DEBUG:Loading ApplicationContext for locations [classpath:/context/applicationContext.xml].
2019-08-02 15:06:14 下午 [Thread: main][ Class:org.springframework.core.CollectionFactory >> Method: org.springframework.core.CollectionFactory.createConcurrentMapIfPossible(CollectionFactory.java:203) ]
DEBUG:Falling back to plain synchronized [java.util.HashMap] for concurrent map
2019-08-02 15:06:14 下午 [Thread: main][ Class:org.springframework.core.CollectionFactory >> Method: org.springframework.core.CollectionFactory.createConcurrentMapIfPossible(CollectionFactory.java:203) ]
DEBUG:Falling back to plain synchronized [java.util.HashMap] for concurrent map
2019-08-02 15:06:14 下午 [Thread: main][ Class:org.springframework.core.CollectionFactory >> Method: org.springframework.core.CollectionFactory.createConcurrentMapIfPossible(CollectionFactory.java:203) ]
DEBUG:Falling back to plain synchronized [java.util.HashMap] for concurrent map
2019-08-02 15:06:14 下午 [Thread: main][ Class:org.springframework.core.CollectionFactory >> Method: org.springframework.core.CollectionFactory.createConcurrentMapIfPossible(CollectionFactory.java:203) ]
DEBUG:Falling back to plain synchronized [java.util.HashMap] for concurrent map
2019-08-02 15:06:14 下午 [Thread: main][ Class:org.springframework.core.CollectionFactory >> Method: org.springframework.core.CollectionFactory.createConcurrentMapIfPossible(CollectionFactory.java:203) ]
DEBUG:Falling back to plain synchronized [java.util.HashMap] for concurrent map
2019-08-02 15:06:14 下午 [Thread: main][ Class:org.springframework.core.CollectionFactory >> Method: org.springframework.core.CollectionFactory.createConcurrentMapIfPossible(CollectionFactory.java:203) ]
DEBUG:Falling back to plain synchronized [java.util.HashMap] for concurrent map
2019-08-02 15:06:14 下午 [Thread: main][ Class:org.springframework.core.CollectionFactory >> Method: org.springframework.core.CollectionFactory.createConcurrentMapIfPossible(CollectionFactory.java:203) ]
DEBUG:Falling back to plain synchronized [java.util.HashMap] for concurrent map
2019-08-02 15:06:14 下午 [Thread: main][ Class:org.springframework.core.CollectionFactory >> Method: org.springframework.core.CollectionFactory.createConcurrentMapIfPossible(CollectionFactory.java:203) ]
DEBUG:Falling back to plain synchronized [java.util.HashMap] for concurrent map
2019-08-02 15:06:14 下午 [Thread: main][ Class:org.springframework.core.CollectionFactory >> Method: org.springframework.core.CollectionFactory.createConcurrentMapIfPossible(CollectionFactory.java:203) ]
DEBUG:Falling back to plain synchronized [java.util.HashMap] for concurrent map
2019-08-02 15:06:14 下午 [Thread: main][ Class:org.springframework.beans.factory.xml.XmlBeanDefinitionReader >> Method: org.springframework.beans.factory.xml.XmlBeanDefinitionReader.loadBeanDefinitions(XmlBeanDefinitionReader.java:323) ]
INFO:Loading XML bean definitions from class path resource [context/applicationContext.xml]
2019-08-02 15:06:14 下午 [Thread: main][ Class:org.springframework.beans.factory.xml.DefaultDocumentLoader >> Method: org.springframework.beans.factory.xml.DefaultDocumentLoader.loadDocument(DefaultDocumentLoader.java:72) ]
DEBUG:Using JAXP provider [org.apache.xerces.jaxp.DocumentBuilderFactoryImpl]
2019-08-02 15:06:14 下午 [Thread: main][ Class:org.springframework.beans.factory.xml.PluggableSchemaResolver >> Method: org.springframework.beans.factory.xml.PluggableSchemaResolver.getSchemaMapping(PluggableSchemaResolver.java:125) ]
DEBUG:Loading schema mappings from [META-INF/spring.schemas]
2019-08-02 15:06:15 下午 [Thread: main][ Class:org.springframework.beans.factory.xml.PluggableSchemaResolver >> Method: org.springframework.beans.factory.xml.PluggableSchemaResolver.getSchemaMapping(PluggableSchemaResolver.java:131) ]
DEBUG:Loaded schema mappings: {http://www.springframework.org/schema/lang/spring-lang-2.5.xsd=org/springframework/scripting/config/spring-lang-2.5.xsd, http://www.springframework.org/schema/lang/spring-lang.xsd=org/springframework/scripting/config/spring-lang-2.5.xsd, http://www.springframework.org/schema/context/spring-context-2.5.xsd=org/springframework/context/config/spring-context-2.5.xsd, http://www.springframework.org/schema/jms/spring-jms-2.5.xsd=org/springframework/jms/config/spring-jms-2.5.xsd, http://www.springframework.org/schema/context/spring-context.xsd=org/springframework/context/config/spring-context-2.5.xsd, http://www.springframework.org/schema/aop/spring-aop.xsd=org/springframework/aop/config/spring-aop-2.5.xsd, http://www.springframework.org/schema/util/spring-util-2.0.xsd=org/springframework/beans/factory/xml/spring-util-2.0.xsd, http://www.springframework.org/schema/util/spring-util-2.5.xsd=org/springframework/beans/factory/xml/spring-util-2.5.xsd, http://www.springframework.org/schema/tool/spring-tool-2.0.xsd=org/springframework/beans/factory/xml/spring-tool-2.0.xsd, http://www.springframework.org/schema/tx/spring-tx-2.0.xsd=org/springframework/transaction/config/spring-tx-2.0.xsd, http://www.springframework.org/schema/tool/spring-tool-2.5.xsd=org/springframework/beans/factory/xml/spring-tool-2.5.xsd, http://www.springframework.org/schema/tx/spring-tx-2.5.xsd=org/springframework/transaction/config/spring-tx-2.5.xsd, http://www.springframework.org/schema/beans/spring-beans-2.0.xsd=org/springframework/beans/factory/xml/spring-beans-2.0.xsd, http://www.springframework.org/schema/jms/spring-jms.xsd=org/springframework/jms/config/spring-jms-2.5.xsd, http://www.springframework.org/schema/beans/spring-beans-2.5.xsd=org/springframework/beans/factory/xml/spring-beans-2.5.xsd, http://www.springframework.org/schema/beans/spring-beans.xsd=org/springframework/beans/factory/xml/spring-beans-2.5.xsd, http://www.springframework.org/schema/jee/spring-jee.xsd=org/springframework/ejb/config/spring-jee-2.5.xsd, http://www.springframework.org/schema/tool/spring-tool.xsd=org/springframework/beans/factory/xml/spring-tool-2.5.xsd, http://www.springframework.org/schema/tx/spring-tx.xsd=org/springframework/transaction/config/spring-tx-2.5.xsd, http://www.springframework.org/schema/jee/spring-jee-2.0.xsd=org/springframework/ejb/config/spring-jee-2.0.xsd, http://www.springframework.org/schema/aop/spring-aop-2.0.xsd=org/springframework/aop/config/spring-aop-2.0.xsd, http://www.springframework.org/schema/aop/spring-aop-2.5.xsd=org/springframework/aop/config/spring-aop-2.5.xsd, http://www.springframework.org/schema/jee/spring-jee-2.5.xsd=org/springframework/ejb/config/spring-jee-2.5.xsd, http://www.springframework.org/schema/lang/spring-lang-2.0.xsd=org/springframework/scripting/config/spring-lang-2.0.xsd, http://www.springframework.org/schema/util/spring-util.xsd=org/springframework/beans/factory/xml/spring-util-2.5.xsd}
2019-08-02 15:06:15 下午 [Thread: main][ Class:org.springframework.beans.factory.xml.PluggableSchemaResolver >> Method: org.springframework.beans.factory.xml.PluggableSchemaResolver.resolveEntity(PluggableSchemaResolver.java:114) ]
DEBUG:Found XML schema [http://www.springframework.org/schema/beans/spring-beans-2.5.xsd] in classpath: org/springframework/beans/factory/xml/spring-beans-2.5.xsd
2019-08-02 15:06:15 下午 [Thread: main][ Class:org.springframework.beans.factory.xml.DefaultBeanDefinitionDocumentReader >> Method: org.springframework.beans.factory.xml.DefaultBeanDefinitionDocumentReader.registerBeanDefinitions(DefaultBeanDefinitionDocumentReader.java:86) ]
DEBUG:Loading bean definitions
2019-08-02 15:06:15 下午 [Thread: main][ Class:org.springframework.beans.factory.xml.XmlBeanDefinitionReader >> Method: org.springframework.beans.factory.xml.XmlBeanDefinitionReader.loadBeanDefinitions(XmlBeanDefinitionReader.java:323) ]
INFO:Loading XML bean definitions from class path resource [context/spring-context.xml]
2019-08-02 15:06:15 下午 [Thread: main][ Class:org.springframework.beans.factory.xml.DefaultDocumentLoader >> Method: org.springframework.beans.factory.xml.DefaultDocumentLoader.loadDocument(DefaultDocumentLoader.java:72) ]
DEBUG:Using JAXP provider [org.apache.xerces.jaxp.DocumentBuilderFactoryImpl]
2019-08-02 15:06:15 下午 [Thread: main][ Class:org.springframework.beans.factory.xml.PluggableSchemaResolver >> Method: org.springframework.beans.factory.xml.PluggableSchemaResolver.resolveEntity(PluggableSchemaResolver.java:114) ]
DEBUG:Found XML schema [http://www.springframework.org/schema/beans/spring-beans-2.5.xsd] in classpath: org/springframework/beans/factory/xml/spring-beans-2.5.xsd
2019-08-02 15:06:15 下午 [Thread: main][ Class:org.springframework.beans.factory.xml.DefaultBeanDefinitionDocumentReader >> Method: org.springframework.beans.factory.xml.DefaultBeanDefinitionDocumentReader.registerBeanDefinitions(DefaultBeanDefinitionDocumentReader.java:86) ]
DEBUG:Loading bean definitions
2019-08-02 15:06:15 下午 [Thread: main][ Class:org.springframework.beans.factory.xml.DefaultBeanDefinitionDocumentReader >> Method: org.springframework.beans.factory.xml.DefaultBeanDefinitionDocumentReader.importBeanDefinitionResource(DefaultBeanDefinitionDocumentReader.java:192) ]
DEBUG:Imported 2 bean definitions from relative location [spring-context.xml]
2019-08-02 15:06:15 下午 [Thread: main][ Class:org.springframework.beans.factory.xml.XmlBeanDefinitionReader >> Method: org.springframework.beans.factory.support.AbstractBeanDefinitionReader.loadBeanDefinitions(AbstractBeanDefinitionReader.java:185) ]
DEBUG:Loaded 3 bean definitions from location pattern [classpath:/context/applicationContext.xml]
2019-08-02 15:06:15 下午 [Thread: main][ Class:org.springframework.context.support.GenericApplicationContext >> Method: org.springframework.context.support.AbstractApplicationContext.prepareRefresh(AbstractApplicationContext.java:411) ]
INFO:Refreshing org.springframework.context.support.GenericApplicationContext@5e853265: display name [org.springframework.context.support.GenericApplicationContext@5e853265]; startup date [Fri Aug 02 15:06:15 CST 2019]; root of context hierarchy
2019-08-02 15:06:15 下午 [Thread: main][ Class:org.springframework.context.support.GenericApplicationContext >> Method: org.springframework.context.support.AbstractApplicationContext.obtainFreshBeanFactory(AbstractApplicationContext.java:426) ]
INFO:Bean factory for application context [org.springframework.context.support.GenericApplicationContext@5e853265]: org.springframework.beans.factory.support.DefaultListableBeanFactory@5c5eefef
2019-08-02 15:06:15 下午 [Thread: main][ Class:org.springframework.context.support.GenericApplicationContext >> Method: org.springframework.context.support.AbstractApplicationContext.obtainFreshBeanFactory(AbstractApplicationContext.java:430) ]
DEBUG:6 beans defined in org.springframework.context.support.GenericApplicationContext@5e853265: display name [org.springframework.context.support.GenericApplicationContext@5e853265]; startup date [Fri Aug 02 15:06:15 CST 2019]; root of context hierarchy
2019-08-02 15:06:15 下午 [Thread: main][ Class:org.springframework.beans.factory.support.DefaultListableBeanFactory >> Method: org.springframework.beans.factory.support.DefaultSingletonBeanRegistry.getSingleton(DefaultSingletonBeanRegistry.java:214) ]
DEBUG:Creating shared instance of singleton bean 'placeholderConfig'
2019-08-02 15:06:15 下午 [Thread: main][ Class:org.springframework.beans.factory.support.DefaultListableBeanFactory >> Method: org.springframework.beans.factory.support.AbstractAutowireCapableBeanFactory$1.run(AbstractAutowireCapableBeanFactory.java:383) ]
DEBUG:Creating instance of bean 'placeholderConfig'
2019-08-02 15:06:15 下午 [Thread: main][ Class:org.springframework.beans.factory.support.DefaultListableBeanFactory >> Method: org.springframework.beans.factory.support.AbstractAutowireCapableBeanFactory.doCreateBean(AbstractAutowireCapableBeanFactory.java:459) ]
DEBUG:Eagerly caching bean 'placeholderConfig' to allow for resolving potential circular references
2019-08-02 15:06:15 下午 [Thread: main][ Class:org.springframework.beans.factory.support.DefaultListableBeanFactory >> Method: org.springframework.beans.factory.support.AbstractAutowireCapableBeanFactory$1.run(AbstractAutowireCapableBeanFactory.java:411) ]
DEBUG:Finished creating instance of bean 'placeholderConfig'
2019-08-02 15:06:15 下午 [Thread: main][ Class:org.springframework.beans.factory.config.PropertyPlaceholderConfigurer >> Method: org.springframework.core.io.support.PropertiesLoaderSupport.loadProperties(PropertiesLoaderSupport.java:178) ]
INFO:Loading properties file from class path resource [properties/env_dir.props]
2019-08-02 15:06:15 下午 [Thread: main][ Class:org.springframework.beans.factory.support.DefaultListableBeanFactory >> Method: org.springframework.beans.factory.support.DefaultSingletonBeanRegistry.getSingleton(DefaultSingletonBeanRegistry.java:214) ]
DEBUG:Creating shared instance of singleton bean 'org.springframework.context.annotation.internalCommonAnnotationProcessor'
2019-08-02 15:06:15 下午 [Thread: main][ Class:org.springframework.beans.factory.support.DefaultListableBeanFactory >> Method: org.springframework.beans.factory.support.AbstractAutowireCapableBeanFactory$1.run(AbstractAutowireCapableBeanFactory.java:383) ]
DEBUG:Creating instance of bean 'org.springframework.context.annotation.internalCommonAnnotationProcessor'
2019-08-02 15:06:15 下午 [Thread: main][ Class:org.springframework.beans.factory.support.DefaultListableBeanFactory >> Method: org.springframework.beans.factory.support.AbstractAutowireCapableBeanFactory.doCreateBean(AbstractAutowireCapableBeanFactory.java:459) ]
DEBUG:Eagerly caching bean 'org.springframework.context.annotation.internalCommonAnnotationProcessor' to allow for resolving potential circular references
2019-08-02 15:06:15 下午 [Thread: main][ Class:org.springframework.beans.factory.support.DefaultListableBeanFactory >> Method: org.springframework.beans.factory.support.AbstractAutowireCapableBeanFactory$1.run(AbstractAutowireCapableBeanFactory.java:411) ]
DEBUG:Finished creating instance of bean 'org.springframework.context.annotation.internalCommonAnnotationProcessor'
2019-08-02 15:06:15 下午 [Thread: main][ Class:org.springframework.beans.factory.support.DefaultListableBeanFactory >> Method: org.springframework.beans.factory.support.DefaultSingletonBeanRegistry.getSingleton(DefaultSingletonBeanRegistry.java:214) ]
DEBUG:Creating shared instance of singleton bean 'org.springframework.context.annotation.internalAutowiredAnnotationProcessor'
2019-08-02 15:06:15 下午 [Thread: main][ Class:org.springframework.beans.factory.support.DefaultListableBeanFactory >> Method: org.springframework.beans.factory.support.AbstractAutowireCapableBeanFactory$1.run(AbstractAutowireCapableBeanFactory.java:383) ]
DEBUG:Creating instance of bean 'org.springframework.context.annotation.internalAutowiredAnnotationProcessor'
2019-08-02 15:06:15 下午 [Thread: main][ Class:org.springframework.beans.factory.support.DefaultListableBeanFactory >> Method: org.springframework.beans.factory.support.AbstractAutowireCapableBeanFactory.doCreateBean(AbstractAutowireCapableBeanFactory.java:459) ]
DEBUG:Eagerly caching bean 'org.springframework.context.annotation.internalAutowiredAnnotationProcessor' to allow for resolving potential circular references
2019-08-02 15:06:15 下午 [Thread: main][ Class:org.springframework.beans.factory.support.DefaultListableBeanFactory >> Method: org.springframework.beans.factory.support.AbstractAutowireCapableBeanFactory$1.run(AbstractAutowireCapableBeanFactory.java:411) ]
DEBUG:Finished creating instance of bean 'org.springframework.context.annotation.internalAutowiredAnnotationProcessor'
2019-08-02 15:06:15 下午 [Thread: main][ Class:org.springframework.beans.factory.support.DefaultListableBeanFactory >> Method: org.springframework.beans.factory.support.DefaultSingletonBeanRegistry.getSingleton(DefaultSingletonBeanRegistry.java:214) ]
DEBUG:Creating shared instance of singleton bean 'org.springframework.context.annotation.internalRequiredAnnotationProcessor'
2019-08-02 15:06:15 下午 [Thread: main][ Class:org.springframework.beans.factory.support.DefaultListableBeanFactory >> Method: org.springframework.beans.factory.support.AbstractAutowireCapableBeanFactory$1.run(AbstractAutowireCapableBeanFactory.java:383) ]
DEBUG:Creating instance of bean 'org.springframework.context.annotation.internalRequiredAnnotationProcessor'
2019-08-02 15:06:15 下午 [Thread: main][ Class:org.springframework.beans.factory.support.DefaultListableBeanFactory >> Method: org.springframework.beans.factory.support.AbstractAutowireCapableBeanFactory.doCreateBean(AbstractAutowireCapableBeanFactory.java:459) ]
DEBUG:Eagerly caching bean 'org.springframework.context.annotation.internalRequiredAnnotationProcessor' to allow for resolving potential circular references
2019-08-02 15:06:15 下午 [Thread: main][ Class:org.springframework.beans.factory.support.DefaultListableBeanFactory >> Method: org.springframework.beans.factory.support.AbstractAutowireCapableBeanFactory$1.run(AbstractAutowireCapableBeanFactory.java:411) ]
DEBUG:Finished creating instance of bean 'org.springframework.context.annotation.internalRequiredAnnotationProcessor'
2019-08-02 15:06:15 下午 [Thread: main][ Class:org.springframework.context.support.GenericApplicationContext >> Method: org.springframework.context.support.AbstractApplicationContext.initMessageSource(AbstractApplicationContext.java:648) ]
DEBUG:Unable to locate MessageSource with name 'messageSource': using default [org.springframework.context.support.DelegatingMessageSource@45752059]
2019-08-02 15:06:15 下午 [Thread: main][ Class:org.springframework.context.support.GenericApplicationContext >> Method: org.springframework.context.support.AbstractApplicationContext.initApplicationEventMulticaster(AbstractApplicationContext.java:672) ]
DEBUG:Unable to locate ApplicationEventMulticaster with name 'applicationEventMulticaster': using default [org.springframework.context.event.SimpleApplicationEventMulticaster@6025e1b6]
2019-08-02 15:06:15 下午 [Thread: main][ Class:org.springframework.beans.factory.support.DefaultListableBeanFactory >> Method: org.springframework.beans.factory.support.DefaultListableBeanFactory.preInstantiateSingletons(DefaultListableBeanFactory.java:414) ]
INFO:Pre-instantiating singletons in org.springframework.beans.factory.support.DefaultListableBeanFactory@5c5eefef: defining beans [placeholderConfig,httpClientService,excelProviderByTest,org.springframework.context.annotation.internalCommonAnnotationProcessor,org.springframework.context.annotation.internalAutowiredAnnotationProcessor,org.springframework.context.annotation.internalRequiredAnnotationProcessor]; root of factory hierarchy
2019-08-02 15:06:15 下午 [Thread: main][ Class:org.springframework.beans.factory.support.DefaultListableBeanFactory >> Method: org.springframework.beans.factory.support.DefaultSingletonBeanRegistry.getSingleton(DefaultSingletonBeanRegistry.java:214) ]
DEBUG:Creating shared instance of singleton bean 'httpClientService'
2019-08-02 15:06:15 下午 [Thread: main][ Class:org.springframework.beans.factory.support.DefaultListableBeanFactory >> Method: org.springframework.beans.factory.support.AbstractAutowireCapableBeanFactory$1.run(AbstractAutowireCapableBeanFactory.java:383) ]
DEBUG:Creating instance of bean 'httpClientService'
2019-08-02 15:06:15 下午 [Thread: main][ Class:org.springframework.test.context.TestContext >> Method: org.springframework.test.context.TestContext.<init>(TestContext.java:89) ]
INFO:@ContextConfiguration not found for class [class service.impl.HttpClientServiceImpl]
2019-08-02 15:06:15 下午 [Thread: main][ Class:org.springframework.beans.factory.support.DefaultListableBeanFactory >> Method: org.springframework.beans.factory.support.AbstractAutowireCapableBeanFactory.doCreateBean(AbstractAutowireCapableBeanFactory.java:459) ]
DEBUG:Eagerly caching bean 'httpClientService' to allow for resolving potential circular references
2019-08-02 15:06:15 下午 [Thread: main][ Class:org.springframework.beans.factory.support.DefaultListableBeanFactory >> Method: org.springframework.beans.factory.support.AbstractAutowireCapableBeanFactory$1.run(AbstractAutowireCapableBeanFactory.java:411) ]
DEBUG:Finished creating instance of bean 'httpClientService'
2019-08-02 15:06:15 下午 [Thread: main][ Class:org.springframework.beans.factory.support.DefaultListableBeanFactory >> Method: org.springframework.beans.factory.support.DefaultSingletonBeanRegistry.getSingleton(DefaultSingletonBeanRegistry.java:214) ]
DEBUG:Creating shared instance of singleton bean 'excelProviderByTest'
2019-08-02 15:06:15 下午 [Thread: main][ Class:org.springframework.beans.factory.support.DefaultListableBeanFactory >> Method: org.springframework.beans.factory.support.AbstractAutowireCapableBeanFactory$1.run(AbstractAutowireCapableBeanFactory.java:383) ]
DEBUG:Creating instance of bean 'excelProviderByTest'
2019-08-02 15:06:15 下午 [Thread: main][ Class:org.springframework.beans.factory.support.DefaultListableBeanFactory >> Method: org.springframework.beans.factory.support.AbstractAutowireCapableBeanFactory.doCreateBean(AbstractAutowireCapableBeanFactory.java:459) ]
DEBUG:Eagerly caching bean 'excelProviderByTest' to allow for resolving potential circular references
2019-08-02 15:06:15 下午 [Thread: main][ Class:org.springframework.beans.factory.support.DefaultListableBeanFactory >> Method: org.springframework.beans.factory.support.AbstractAutowireCapableBeanFactory$1.run(AbstractAutowireCapableBeanFactory.java:411) ]
DEBUG:Finished creating instance of bean 'excelProviderByTest'
2019-08-02 15:06:15 下午 [Thread: main][ Class:org.springframework.beans.factory.support.DefaultListableBeanFactory >> Method: org.springframework.beans.factory.support.AbstractBeanFactory.doGetBean(AbstractBeanFactory.java:214) ]
DEBUG:Returning cached instance of singleton bean 'org.springframework.context.annotation.internalCommonAnnotationProcessor'
2019-08-02 15:06:15 下午 [Thread: main][ Class:org.springframework.beans.factory.support.DefaultListableBeanFactory >> Method: org.springframework.beans.factory.support.AbstractBeanFactory.doGetBean(AbstractBeanFactory.java:214) ]
DEBUG:Returning cached instance of singleton bean 'org.springframework.context.annotation.internalAutowiredAnnotationProcessor'
2019-08-02 15:06:15 下午 [Thread: main][ Class:org.springframework.beans.factory.support.DefaultListableBeanFactory >> Method: org.springframework.beans.factory.support.AbstractBeanFactory.doGetBean(AbstractBeanFactory.java:214) ]
DEBUG:Returning cached instance of singleton bean 'org.springframework.context.annotation.internalRequiredAnnotationProcessor'
2019-08-02 15:06:15 下午 [Thread: main][ Class:org.springframework.beans.factory.annotation.InjectionMetadata >> Method: org.springframework.beans.factory.annotation.InjectionMetadata.addInjectedField(InjectionMetadata.java:69) ]
DEBUG:Found injected field on class [test.trade.itemDetails.RecommendDatalistPostTest]: AutowiredFieldElement for public common.frame.data.ExcelProviderByTest common.frame.test.BaseTest.excelProviderByTest
2019-08-02 15:06:15 下午 [Thread: main][ Class:org.springframework.beans.factory.annotation.InjectionMetadata >> Method: org.springframework.beans.factory.annotation.InjectionMetadata.addInjectedField(InjectionMetadata.java:69) ]
DEBUG:Found injected field on class [test.trade.itemDetails.RecommendDatalistPostTest]: AutowiredFieldElement for public service.HttpClientService common.frame.test.BaseTest.httpClientService
2019-08-02 15:06:15 下午 [Thread: main][ Class:org.springframework.beans.factory.annotation.InjectionMetadata >> Method: org.springframework.beans.factory.annotation.InjectionMetadata.injectFields(InjectionMetadata.java:103) ]
DEBUG:Processing injected field of bean 'test.trade.itemDetails.RecommendDatalistPostTest': AutowiredFieldElement for public common.frame.data.ExcelProviderByTest common.frame.test.BaseTest.excelProviderByTest
2019-08-02 15:06:15 下午 [Thread: main][ Class:org.springframework.beans.factory.support.DefaultListableBeanFactory >> Method: org.springframework.beans.factory.support.AbstractBeanFactory.doGetBean(AbstractBeanFactory.java:214) ]
DEBUG:Returning cached instance of singleton bean 'excelProviderByTest'
2019-08-02 15:06:15 下午 [Thread: main][ Class:org.springframework.beans.factory.annotation.AutowiredAnnotationBeanPostProcessor >> Method: org.springframework.beans.factory.annotation.AutowiredAnnotationBeanPostProcessor.registerDependentBeans(AutowiredAnnotationBeanPostProcessor.java:365) ]
DEBUG:Autowiring by type from bean name 'test.trade.itemDetails.RecommendDatalistPostTest' to bean named 'excelProviderByTest'
2019-08-02 15:06:15 下午 [Thread: main][ Class:org.springframework.beans.factory.annotation.InjectionMetadata >> Method: org.springframework.beans.factory.annotation.InjectionMetadata.injectFields(InjectionMetadata.java:103) ]
DEBUG:Processing injected field of bean 'test.trade.itemDetails.RecommendDatalistPostTest': AutowiredFieldElement for public service.HttpClientService common.frame.test.BaseTest.httpClientService
2019-08-02 15:06:15 下午 [Thread: main][ Class:org.springframework.beans.factory.support.DefaultListableBeanFactory >> Method: org.springframework.beans.factory.support.AbstractBeanFactory.doGetBean(AbstractBeanFactory.java:214) ]
DEBUG:Returning cached instance of singleton bean 'httpClientService'
2019-08-02 15:06:15 下午 [Thread: main][ Class:org.springframework.beans.factory.annotation.AutowiredAnnotationBeanPostProcessor >> Method: org.springframework.beans.factory.annotation.AutowiredAnnotationBeanPostProcessor.registerDependentBeans(AutowiredAnnotationBeanPostProcessor.java:365) ]
DEBUG:Autowiring by type from bean name 'test.trade.itemDetails.RecommendDatalistPostTest' to bean named 'httpClientService'
2019-08-02 15:06:15 下午 [Thread: TestNGInvoker-recommendDatalist()][ Class:test.trade.itemDetails.RecommendDatalistPostTest >> Method: test.trade.itemDetails.RecommendDatalistPostTest.recommendDatalist(RecommendDatalistPostTest.java:26) ]
INFO:接口测试开始...........
2019-08-02 15:06:15 下午 [Thread: TestNGInvoker-recommendDatalist()][ Class:test.trade.itemDetails.RecommendDatalistPostTest >> Method: test.trade.itemDetails.RecommendDatalistPostTest.recommendDatalist(RecommendDatalistPostTest.java:30) ]
INFO:封装数据
2019-08-02 15:06:15 下午 [Thread: TestNGInvoker-recommendDatalist()][ Class:test.trade.itemDetails.RecommendDatalistPostTest >> Method: test.trade.itemDetails.RecommendDatalistPostTest.recommendDatalist(RecommendDatalistPostTest.java:33) ]
INFO:发送请求并获得response
2019-08-02 15:06:17 下午 [Thread: TestNGInvoker-recommendDatalist()][ Class:service.impl.HttpClientServiceImpl >> Method: service.impl.HttpClientServiceImpl.doPostWithRaw(HttpClientServiceImpl.java:62) ]
INFO:code = 200
2019-08-02 15:06:17 下午 [Thread: TestNGInvoker-recommendDatalist()][ Class:service.impl.HttpClientServiceImpl >> Method: service.impl.HttpClientServiceImpl.doPostWithRaw(HttpClientServiceImpl.java:65) ]
INFO:tempResponseOfPost = {"cost":186,"data":[{"categoryId3":10017,"categoryName3":"模块","cost":0.0,"fileNameDefault":"Files/Images/Goods/2017-03-10/10/30/4628808102176693199_pic1.jpg","id":100233168,"isNeiCai":0,"isQvDao":0,"isTopBrand":0,"metrics":{"attentionCount":13,"gmv":7856448,"salesCount":327352,"score":0,"visitCount":12740},"name":"爱谱华顿(AIPU)AP-6-03-180 六类180度非屏蔽RJ45模块 白色","price":24.0,"productId":100233168,"selectType":"2"},{"categoryId3":10112,"categoryName3":"硬盘存储","cost":0.0,"fileNameDefault":"Files/Images/Goods/2016-11-10/15/40/4924070759514609447_pic1.jpg","id":100214001,"isNeiCai":0,"isQvDao":0,"isTopBrand":0,"metrics":{"attentionCount":2,"gmv":7681431,"salesCount":24859,"score":0,"visitCount":3124},"name":"希捷 ST1000VX005 酷鹰系列(SkyHawk)1TB 监控硬盘","price":309.0,"productId":100214001,"selectType":"2"},{"categoryId3":10798,"categoryName3":"手机","cost":0.0,"fileNameDefault":"Files/Images/Goods/2016-09-13/14/30/5284069217444348771_pic1.jpg","id":100203328,"isNeiCai":0,"isQvDao":0,"isTopBrand":0,"metrics":{"attentionCount":0,"gmv":9400320,"salesCount":1700,"score":0,"visitCount":2710},"name":"苹果(Apple) iPhone 7 Plus (A1661) 128G 金色 移动联通电信4G手机","price":5529.6,"productId":100203328,"selectType":"2"},{"categoryId3":10112,"categoryName3":"硬盘存储","cost":0.0,"fileNameDefault":"Files/Images/Goods/2018-03-05/5188995241643941264_pic1.jpg","id":100217951,"isNeiCai":0,"isQvDao":0,"isTopBrand":0,"metrics":{"attentionCount":0,"gmv":14995494,"salesCount":12006,"score":0,"visitCount":1218},"name":"希捷 ST4000NM0025 4TB企业级512n SAS硬盘","price":1249.0,"productId":100217951,"selectType":"2"},{"categoryId3":11231,"categoryName3":"电源/信号用电缆","cost":0.0,"fileNameDefault":"Files/Images/Goods/2016-08-11/14/58/4803437778866967279_pic1.jpg","id":100194806,"isNeiCai":0,"isQvDao":0,"isTopBrand":0,"metrics":{"attentionCount":3,"gmv":4457880,"salesCount":2196,"score":0,"visitCount":1208},"name":"爱谱华顿(AIPU) RVV4*0.5 白色 500m四芯软电线","price":2030.0,"productId":100194806,"selectType":"2"}],"dataType":"sku","ext":{"select_strategy":"SelectStrategyStat{strategyName=SelectBySlotSkuSku, resultCount=0, filteredResultCount=0},SelectStrategyStat{strategyName=SelectBySkuAccountSku, resultCount=10000, filteredResultCount=10000}","sort_strategy":"SortStrategyChain{strategyList=gmv:desc>top100random}"},"msg":"success","status":"200","total":5}
2019-08-02 15:06:17 下午 [Thread: TestNGInvoker-recommendDatalist()][ Class:test.trade.itemDetails.RecommendDatalistPostTest >> Method: test.trade.itemDetails.RecommendDatalistPostTest.recommendDatalist(RecommendDatalistPostTest.java:36) ]
INFO:结果校验
2019-08-02 15:06:17 下午 [Thread: TestNGInvoker-recommendDatalist()][ Class:test.trade.itemDetails.RecommendDatalistPostTest >> Method: test.trade.itemDetails.RecommendDatalistPostTest.recommendDatalist(RecommendDatalistPostTest.java:42) ]
INFO:--------------接口测试结束------------------------
2019-08-02 15:06:17 下午 [Thread: main][ Class:org.springframework.test.context.support.DirtiesContextTestExecutionListener >> Method: org.springframework.test.context.support.DirtiesContextTestExecutionListener.afterTestMethod(DirtiesContextTestExecutionListener.java:60) ]
DEBUG:After test method: context [[TestContext@61f8bee4 testClass = RecommendDatalistPostTest, locations = array<String>['classpath:/context/applicationContext.xml'], testInstance = test.trade.itemDetails.RecommendDatalistPostTest@2f686d1f, testMethod = recommendDatalist@RecommendDatalistPostTest, testException = [null]]], dirtiesContext [false].
2019-08-02 15:06:17 下午 [Thread: Thread-0][ Class:org.springframework.context.support.GenericApplicationContext >> Method: org.springframework.context.support.AbstractApplicationContext.doClose(AbstractApplicationContext.java:815) ]
INFO:Closing org.springframework.context.support.GenericApplicationContext@5e853265: display name [org.springframework.context.support.GenericApplicationContext@5e853265]; startup date [Fri Aug 02 15:06:15 CST 2019]; root of context hierarchy
2019-08-02 15:06:17 下午 [Thread: Thread-0][ Class:org.springframework.beans.factory.support.DefaultListableBeanFactory >> Method: org.springframework.beans.factory.support.DefaultSingletonBeanRegistry.destroySingletons(DefaultSingletonBeanRegistry.java:421) ]
INFO:Destroying singletons in org.springframework.beans.factory.support.DefaultListableBeanFactory@5c5eefef: defining beans [placeholderConfig,httpClientService,excelProviderByTest,org.springframework.context.annotation.internalCommonAnnotationProcessor,org.springframework.context.annotation.internalAutowiredAnnotationProcessor,org.springframework.context.annotation.internalRequiredAnnotationProcessor]; root of factory hierarchy
2019-08-02 15:06:17 下午 [Thread: Thread-0][ Class:org.springframework.beans.factory.support.DefaultListableBeanFactory >> Method: org.springframework.beans.factory.support.DefaultSingletonBeanRegistry.destroyBean(DefaultSingletonBeanRegistry.java:476) ]
DEBUG:Retrieved dependent beans for bean 'excelProviderByTest': [test.trade.itemDetails.RecommendDatalistPostTest]
