2019-08-02 15:06:14 下午 [Thread: main][ Class:org.springframework.beans.factory.xml.XmlBeanDefinitionReader >> Method: org.springframework.beans.factory.xml.XmlBeanDefinitionReader.loadBeanDefinitions(XmlBeanDefinitionReader.java:323) ]
INFO:Loading XML bean definitions from class path resource [context/applicationContext.xml]
2019-08-02 15:06:15 下午 [Thread: main][ Class:org.springframework.beans.factory.xml.XmlBeanDefinitionReader >> Method: org.springframework.beans.factory.xml.XmlBeanDefinitionReader.loadBeanDefinitions(XmlBeanDefinitionReader.java:323) ]
INFO:Loading XML bean definitions from class path resource [context/spring-context.xml]
2019-08-02 15:06:15 下午 [Thread: main][ Class:org.springframework.context.support.GenericApplicationContext >> Method: org.springframework.context.support.AbstractApplicationContext.prepareRefresh(AbstractApplicationContext.java:411) ]
INFO:Refreshing org.springframework.context.support.GenericApplicationContext@5e853265: display name [org.springframework.context.support.GenericApplicationContext@5e853265]; startup date [Fri Aug 02 15:06:15 CST 2019]; root of context hierarchy
2019-08-02 15:06:15 下午 [Thread: main][ Class:org.springframework.context.support.GenericApplicationContext >> Method: org.springframework.context.support.AbstractApplicationContext.obtainFreshBeanFactory(AbstractApplicationContext.java:426) ]
INFO:Bean factory for application context [org.springframework.context.support.GenericApplicationContext@5e853265]: org.springframework.beans.factory.support.DefaultListableBeanFactory@5c5eefef
2019-08-02 15:06:15 下午 [Thread: main][ Class:org.springframework.beans.factory.config.PropertyPlaceholderConfigurer >> Method: org.springframework.core.io.support.PropertiesLoaderSupport.loadProperties(PropertiesLoaderSupport.java:178) ]
INFO:Loading properties file from class path resource [properties/env_dir.props]
2019-08-02 15:06:15 下午 [Thread: main][ Class:org.springframework.beans.factory.support.DefaultListableBeanFactory >> Method: org.springframework.beans.factory.support.DefaultListableBeanFactory.preInstantiateSingletons(DefaultListableBeanFactory.java:414) ]
INFO:Pre-instantiating singletons in org.springframework.beans.factory.support.DefaultListableBeanFactory@5c5eefef: defining beans [placeholderConfig,httpClientService,excelProviderByTest,org.springframework.context.annotation.internalCommonAnnotationProcessor,org.springframework.context.annotation.internalAutowiredAnnotationProcessor,org.springframework.context.annotation.internalRequiredAnnotationProcessor]; root of factory hierarchy
2019-08-02 15:06:15 下午 [Thread: main][ Class:org.springframework.test.context.TestContext >> Method: org.springframework.test.context.TestContext.<init>(TestContext.java:89) ]
INFO:@ContextConfiguration not found for class [class service.impl.HttpClientServiceImpl]
2019-08-02 15:06:15 下午 [Thread: TestNGInvoker-recommendDatalist()][ Class:test.trade.itemDetails.RecommendDatalistPostTest >> Method: test.trade.itemDetails.RecommendDatalistPostTest.recommendDatalist(RecommendDatalistPostTest.java:26) ]
INFO:接口测试开始...........
2019-08-02 15:06:15 下午 [Thread: TestNGInvoker-recommendDatalist()][ Class:test.trade.itemDetails.RecommendDatalistPostTest >> Method: test.trade.itemDetails.RecommendDatalistPostTest.recommendDatalist(RecommendDatalistPostTest.java:30) ]
INFO:封装数据
2019-08-02 15:06:15 下午 [Thread: TestNGInvoker-recommendDatalist()][ Class:test.trade.itemDetails.RecommendDatalistPostTest >> Method: test.trade.itemDetails.RecommendDatalistPostTest.recommendDatalist(RecommendDatalistPostTest.java:33) ]
INFO:发送请求并获得response
2019-08-02 15:06:17 下午 [Thread: TestNGInvoker-recommendDatalist()][ Class:service.impl.HttpClientServiceImpl >> Method: service.impl.HttpClientServiceImpl.doPostWithRaw(HttpClientServiceImpl.java:62) ]
INFO:code = 200
2019-08-02 15:06:17 下午 [Thread: TestNGInvoker-recommendDatalist()][ Class:service.impl.HttpClientServiceImpl >> Method: service.impl.HttpClientServiceImpl.doPostWithRaw(HttpClientServiceImpl.java:65) ]
INFO:tempResponseOfPost = {"cost":186,"data":[{"categoryId3":10017,"categoryName3":"模块","cost":0.0,"fileNameDefault":"Files/Images/Goods/2017-03-10/10/30/4628808102176693199_pic1.jpg","id":100233168,"isNeiCai":0,"isQvDao":0,"isTopBrand":0,"metrics":{"attentionCount":13,"gmv":7856448,"salesCount":327352,"score":0,"visitCount":12740},"name":"爱谱华顿(AIPU)AP-6-03-180 六类180度非屏蔽RJ45模块 白色","price":24.0,"productId":100233168,"selectType":"2"},{"categoryId3":10112,"categoryName3":"硬盘存储","cost":0.0,"fileNameDefault":"Files/Images/Goods/2016-11-10/15/40/4924070759514609447_pic1.jpg","id":100214001,"isNeiCai":0,"isQvDao":0,"isTopBrand":0,"metrics":{"attentionCount":2,"gmv":7681431,"salesCount":24859,"score":0,"visitCount":3124},"name":"希捷 ST1000VX005 酷鹰系列(SkyHawk)1TB 监控硬盘","price":309.0,"productId":100214001,"selectType":"2"},{"categoryId3":10798,"categoryName3":"手机","cost":0.0,"fileNameDefault":"Files/Images/Goods/2016-09-13/14/30/5284069217444348771_pic1.jpg","id":100203328,"isNeiCai":0,"isQvDao":0,"isTopBrand":0,"metrics":{"attentionCount":0,"gmv":9400320,"salesCount":1700,"score":0,"visitCount":2710},"name":"苹果(Apple) iPhone 7 Plus (A1661) 128G 金色 移动联通电信4G手机","price":5529.6,"productId":100203328,"selectType":"2"},{"categoryId3":10112,"categoryName3":"硬盘存储","cost":0.0,"fileNameDefault":"Files/Images/Goods/2018-03-05/5188995241643941264_pic1.jpg","id":100217951,"isNeiCai":0,"isQvDao":0,"isTopBrand":0,"metrics":{"attentionCount":0,"gmv":14995494,"salesCount":12006,"score":0,"visitCount":1218},"name":"希捷 ST4000NM0025 4TB企业级512n SAS硬盘","price":1249.0,"productId":100217951,"selectType":"2"},{"categoryId3":11231,"categoryName3":"电源/信号用电缆","cost":0.0,"fileNameDefault":"Files/Images/Goods/2016-08-11/14/58/4803437778866967279_pic1.jpg","id":100194806,"isNeiCai":0,"isQvDao":0,"isTopBrand":0,"metrics":{"attentionCount":3,"gmv":4457880,"salesCount":2196,"score":0,"visitCount":1208},"name":"爱谱华顿(AIPU) RVV4*0.5 白色 500m四芯软电线","price":2030.0,"productId":100194806,"selectType":"2"}],"dataType":"sku","ext":{"select_strategy":"SelectStrategyStat{strategyName=SelectBySlotSkuSku, resultCount=0, filteredResultCount=0},SelectStrategyStat{strategyName=SelectBySkuAccountSku, resultCount=10000, filteredResultCount=10000}","sort_strategy":"SortStrategyChain{strategyList=gmv:desc>top100random}"},"msg":"success","status":"200","total":5}
2019-08-02 15:06:17 下午 [Thread: TestNGInvoker-recommendDatalist()][ Class:test.trade.itemDetails.RecommendDatalistPostTest >> Method: test.trade.itemDetails.RecommendDatalistPostTest.recommendDatalist(RecommendDatalistPostTest.java:36) ]
INFO:结果校验
2019-08-02 15:06:17 下午 [Thread: TestNGInvoker-recommendDatalist()][ Class:test.trade.itemDetails.RecommendDatalistPostTest >> Method: test.trade.itemDetails.RecommendDatalistPostTest.recommendDatalist(RecommendDatalistPostTest.java:42) ]
INFO:--------------接口测试结束------------------------
2019-08-02 15:06:17 下午 [Thread: Thread-0][ Class:org.springframework.context.support.GenericApplicationContext >> Method: org.springframework.context.support.AbstractApplicationContext.doClose(AbstractApplicationContext.java:815) ]
INFO:Closing org.springframework.context.support.GenericApplicationContext@5e853265: display name [org.springframework.context.support.GenericApplicationContext@5e853265]; startup date [Fri Aug 02 15:06:15 CST 2019]; root of context hierarchy
2019-08-02 15:06:17 下午 [Thread: Thread-0][ Class:org.springframework.beans.factory.support.DefaultListableBeanFactory >> Method: org.springframework.beans.factory.support.DefaultSingletonBeanRegistry.destroySingletons(DefaultSingletonBeanRegistry.java:421) ]
INFO:Destroying singletons in org.springframework.beans.factory.support.DefaultListableBeanFactory@5c5eefef: defining beans [placeholderConfig,httpClientService,excelProviderByTest,org.springframework.context.annotation.internalCommonAnnotationProcessor,org.springframework.context.annotation.internalAutowiredAnnotationProcessor,org.springframework.context.annotation.internalRequiredAnnotationProcessor]; root of factory hierarchy
2019-08-02 15:08:46 下午 [Thread: main][ Class:org.springframework.beans.factory.xml.XmlBeanDefinitionReader >> Method: org.springframework.beans.factory.xml.XmlBeanDefinitionReader.loadBeanDefinitions(XmlBeanDefinitionReader.java:323) ]
INFO:Loading XML bean definitions from class path resource [context/applicationContext.xml]
2019-08-02 15:08:47 下午 [Thread: main][ Class:org.springframework.beans.factory.xml.XmlBeanDefinitionReader >> Method: org.springframework.beans.factory.xml.XmlBeanDefinitionReader.loadBeanDefinitions(XmlBeanDefinitionReader.java:323) ]
INFO:Loading XML bean definitions from class path resource [context/spring-context.xml]
2019-08-02 15:08:47 下午 [Thread: main][ Class:org.springframework.context.support.GenericApplicationContext >> Method: org.springframework.context.support.AbstractApplicationContext.prepareRefresh(AbstractApplicationContext.java:411) ]
INFO:Refreshing org.springframework.context.support.GenericApplicationContext@1efed156: display name [org.springframework.context.support.GenericApplicationContext@1efed156]; startup date [Fri Aug 02 15:08:47 CST 2019]; root of context hierarchy
2019-08-02 15:08:47 下午 [Thread: main][ Class:org.springframework.context.support.GenericApplicationContext >> Method: org.springframework.context.support.AbstractApplicationContext.obtainFreshBeanFactory(AbstractApplicationContext.java:426) ]
INFO:Bean factory for application context [org.springframework.context.support.GenericApplicationContext@1efed156]: org.springframework.beans.factory.support.DefaultListableBeanFactory@2a798d51
2019-08-02 15:08:48 下午 [Thread: main][ Class:org.springframework.beans.factory.config.PropertyPlaceholderConfigurer >> Method: org.springframework.core.io.support.PropertiesLoaderSupport.loadProperties(PropertiesLoaderSupport.java:178) ]
INFO:Loading properties file from class path resource [properties/env_dir.props]
2019-08-02 15:08:48 下午 [Thread: main][ Class:org.springframework.beans.factory.support.DefaultListableBeanFactory >> Method: org.springframework.beans.factory.support.DefaultListableBeanFactory.preInstantiateSingletons(DefaultListableBeanFactory.java:414) ]
INFO:Pre-instantiating singletons in org.springframework.beans.factory.support.DefaultListableBeanFactory@2a798d51: defining beans [placeholderConfig,httpClientService,excelProviderByTest,org.springframework.context.annotation.internalCommonAnnotationProcessor,org.springframework.context.annotation.internalAutowiredAnnotationProcessor,org.springframework.context.annotation.internalRequiredAnnotationProcessor]; root of factory hierarchy
2019-08-02 15:08:48 下午 [Thread: main][ Class:org.springframework.test.context.TestContext >> Method: org.springframework.test.context.TestContext.<init>(TestContext.java:89) ]
INFO:@ContextConfiguration not found for class [class service.impl.HttpClientServiceImpl]
2019-08-02 15:08:48 下午 [Thread: TestNGInvoker-recommendDatalist()][ Class:test.trade.itemDetails.RecommendDatalistPostTest >> Method: test.trade.itemDetails.RecommendDatalistPostTest.recommendDatalist(RecommendDatalistPostTest.java:26) ]
INFO:接口测试开始...........
2019-08-02 15:08:48 下午 [Thread: TestNGInvoker-recommendDatalist()][ Class:test.trade.itemDetails.RecommendDatalistPostTest >> Method: test.trade.itemDetails.RecommendDatalistPostTest.recommendDatalist(RecommendDatalistPostTest.java:30) ]
INFO:封装数据
2019-08-02 15:08:48 下午 [Thread: TestNGInvoker-recommendDatalist()][ Class:test.trade.itemDetails.RecommendDatalistPostTest >> Method: test.trade.itemDetails.RecommendDatalistPostTest.recommendDatalist(RecommendDatalistPostTest.java:33) ]
INFO:发送请求并获得response
2019-08-02 15:08:51 下午 [Thread: TestNGInvoker-recommendDatalist()][ Class:service.impl.HttpClientServiceImpl >> Method: service.impl.HttpClientServiceImpl.doPostWithRaw(HttpClientServiceImpl.java:62) ]
INFO:code = 200
2019-08-02 15:08:51 下午 [Thread: TestNGInvoker-recommendDatalist()][ Class:service.impl.HttpClientServiceImpl >> Method: service.impl.HttpClientServiceImpl.doPostWithRaw(HttpClientServiceImpl.java:65) ]
INFO:tempResponseOfPost = {"cost":162,"data":[{"categoryId3":11231,"categoryName3":"电源/信号用电缆","cost":0.0,"fileNameDefault":"Files/Images/Goods/2016-06-27/14/17/5620935155004143297_pic1.jpg","id":100198417,"isNeiCai":0,"isQvDao":0,"isTopBrand":0,"metrics":{"attentionCount":4,"gmv":29514744,"salesCount":10444,"score":0,"visitCount":3175},"name":"爱谱华顿(AIPU)RVV3*2.5 三芯软电线 黑色 200m/卷","price":2826.0,"productId":100198417,"selectType":"2"},{"categoryId3":11231,"categoryName3":"电源/信号用电缆","cost":0.0,"fileNameDefault":"Files/Images/Goods/2016-11-25/11/53/4848639410403430779_pic1.jpg","id":100216183,"isNeiCai":0,"isQvDao":0,"isTopBrand":0,"metrics":{"attentionCount":4,"gmv":4620595,"salesCount":1361,"score":0,"visitCount":1701},"name":"爱谱华顿(AIPU)RVSVP1*2*1.0 1对屏蔽软电缆 黑色 500m/卷","price":3395.0,"productId":100216183,"selectType":"2"},{"categoryId3":11228,"categoryName3":"室外用光缆","cost":0.0,"fileNameDefault":"Files/Images/Goods/2017-02-06/17/10/5154452184906140495_pic1.jpg","id":100229373,"isNeiCai":0,"isQvDao":0,"isTopBrand":0,"metrics":{"attentionCount":1,"gmv":13824000,"salesCount":2880,"score":0,"visitCount":1848},"name":"爱谱华顿(AIPU)GYXTW室外型铠装8芯单模光缆 AP-G-01-8WB-W 1000m/盘","price":4800.0,"productId":100229373,"selectType":"2"},{"categoryId3":11231,"categoryName3":"电源/信号用电缆","cost":0.0,"fileNameDefault":"Files/Images/Goods/2016-04-21-13-29/e4ed823fe8ed42d5b8ef2ce910f1d36c_pic2.jpg","id":100158759,"isNeiCai":0,"isQvDao":0,"isTopBrand":0,"metrics":{"attentionCount":10,"gmv":15626828,"salesCount":19831,"score":0,"visitCount":6821},"name":"众城 RVV2*1 两芯软电线 黑色 200m/卷","price":788.0,"productId":100158759,"selectType":"2"},{"categoryId3":10112,"categoryName3":"硬盘存储","cost":0.0,"fileNameDefault":"Files/Images/Goods/2016-09-23/16/19/4839392341151418409_pic1.jpg","id":100205079,"isNeiCai":0,"isQvDao":0,"isTopBrand":0,"metrics":{"attentionCount":0,"gmv":13910073,"salesCount":6627,"score":0,"visitCount":1177},"name":"西部数据 WD6002FRYZ 金盘(Gold)6TB 企业级硬盘","price":2099.0,"productId":100205079,"selectType":"2"}],"dataType":"sku","ext":{"select_strategy":"SelectStrategyStat{strategyName=SelectBySlotSkuSku, resultCount=0, filteredResultCount=0},SelectStrategyStat{strategyName=SelectBySkuAccountSku, resultCount=10000, filteredResultCount=10000}","sort_strategy":"SortStrategyChain{strategyList=gmv:desc>top100random}"},"msg":"success","status":"200","total":5}
2019-08-02 15:08:51 下午 [Thread: TestNGInvoker-recommendDatalist()][ Class:test.trade.itemDetails.RecommendDatalistPostTest >> Method: test.trade.itemDetails.RecommendDatalistPostTest.recommendDatalist(RecommendDatalistPostTest.java:36) ]
INFO:结果校验
2019-08-02 15:08:51 下午 [Thread: TestNGInvoker-recommendDatalist()][ Class:test.trade.itemDetails.RecommendDatalistPostTest >> Method: test.trade.itemDetails.RecommendDatalistPostTest.recommendDatalist(RecommendDatalistPostTest.java:42) ]
INFO:--------------接口测试结束------------------------
2019-08-02 15:08:51 下午 [Thread: Thread-0][ Class:org.springframework.context.support.GenericApplicationContext >> Method: org.springframework.context.support.AbstractApplicationContext.doClose(AbstractApplicationContext.java:815) ]
INFO:Closing org.springframework.context.support.GenericApplicationContext@1efed156: display name [org.springframework.context.support.GenericApplicationContext@1efed156]; startup date [Fri Aug 02 15:08:47 CST 2019]; root of context hierarchy
2019-08-02 15:08:51 下午 [Thread: Thread-0][ Class:org.springframework.beans.factory.support.DefaultListableBeanFactory >> Method: org.springframework.beans.factory.support.DefaultSingletonBeanRegistry.destroySingletons(DefaultSingletonBeanRegistry.java:421) ]
INFO:Destroying singletons in org.springframework.beans.factory.support.DefaultListableBeanFactory@2a798d51: defining beans [placeholderConfig,httpClientService,excelProviderByTest,org.springframework.context.annotation.internalCommonAnnotationProcessor,org.springframework.context.annotation.internalAutowiredAnnotationProcessor,org.springframework.context.annotation.internalRequiredAnnotationProcessor]; root of factory hierarchy
